This is e-TeX, Version 3.141592-2.2 (MiKTeX 2.4) (preloaded format=latex 2006.2.22)  2 NOV 2007 11:50
entering extended mode
**ZinovyevViaraCalzoneBarillot2007.tex
(ZinovyevViaraCalzoneBarillot2007.tex
LaTeX2e <2003/12/01>
Babel <v3.8g> and hyphenation patterns for english, dumylang, nohyphenation, ge
rman, ngerman, french, loaded.
(bioinfo.cls
Document Class: bioinfo 2003/02/08 0.1
(C:\texmf\tex\latex\base\fontenc.sty
Package: fontenc 2004/02/22 v1.99f Standard LaTeX package
 (C:\texmf\tex\latex\lucidabr\ly1enc.def
File: ly1enc.def 1997/03/21 v0.3 Y&Y's texnansi encoding (DPC)
)
LaTeX Font Info:    Try loading font information for LY1+ptm on input line 100.


(C:\texmf\tex\latex\lucidabr\ly1ptm.fd
File: ly1ptm.fd 1997/01/26 LY1/ptm (Times Roman) with Berry file names. (DPC)
)) (C:\texmf\tex\latex\crop\crop.sty
Package: crop 2003/05/20 v1.9 crop marks (mf)
\stockwidth=\dimen102
\stockheight=\dimen103
\CROP@index=\count79

(C:\texmf\tex\latex\graphics\color.sty
Package: color 1999/02/16 v1.0i Standard LaTeX Color (DPC)
 (C:\texmf\tex\latex\00miktex\color.cfg
File: color.cfg 2005/12/29 v1.1 MiKTeX 'color' configuration
)
Package color Info: Driver file: dvips.def on input line 125.

(C:\texmf\tex\latex\graphics\dvips.def
File: dvips.def 1999/02/16 v3.0i Driver-dependant file (DPC,SPQR)
)
(C:\texmf\tex\latex\graphics\dvipsnam.def
File: dvipsnam.def 1999/02/16 v3.0i Driver-dependant file (DPC,SPQR)
))
(C:\texmf\tex\latex\graphics\graphics.sty
Package: graphics 2001/07/07 v1.0n Standard LaTeX Graphics (DPC,SPQR)
 (C:\texmf\tex\latex\graphics\trig.sty
Package: trig 1999/03/16 v1.09 sin cos tan (DPC)
) (C:\texmf\tex\latex\00miktex\graphics.cfg
File: graphics.cfg 2005/12/29 v1.2 MiKTeX 'graphics' configuration
)
Package graphics Info: Driver file: dvips.def on input line 80.
)
\CROP@offset=\count80
)
(C:\texmf\tex\latex\graphics\graphicx.sty
Package: graphicx 1999/02/16 v1.0f Enhanced LaTeX Graphics (DPC,SPQR)

(C:\texmf\tex\latex\graphics\keyval.sty
Package: keyval 1999/03/16 v1.13 key=value parser (DPC)
\KV@toks@=\toks14
)
\Gin@req@height=\dimen104
\Gin@req@width=\dimen105
)
(C:\texmf\tex\latex\amsmath\amsmath.sty
Package: amsmath 2000/07/18 v2.13 AMS math features
\@mathmargin=\skip41

For additional information on amsmath, use the `?' option.
(C:\texmf\tex\latex\amsmath\amstext.sty
Package: amstext 2000/06/29 v2.01
 (C:\texmf\tex\latex\amsmath\amsgen.sty
File: amsgen.sty 1999/11/30 v2.0
\@emptytoks=\toks15
\ex@=\dimen106
)) (C:\texmf\tex\latex\amsmath\amsbsy.sty
Package: amsbsy 1999/11/29 v1.2d
\pmbraise@=\dimen107
)
(C:\texmf\tex\latex\amsmath\amsopn.sty
Package: amsopn 1999/12/14 v2.01 operator names
)
\inf@bad=\count81
LaTeX Info: Redefining \frac on input line 211.
\uproot@=\count82
\leftroot@=\count83
LaTeX Info: Redefining \overline on input line 307.
\classnum@=\count84
\DOTSCASE@=\count85
LaTeX Info: Redefining \ldots on input line 379.
LaTeX Info: Redefining \dots on input line 382.
LaTeX Info: Redefining \cdots on input line 467.
\Mathstrutbox@=\box26
\strutbox@=\box27
\big@size=\dimen108
LaTeX Font Info:    Redeclaring font encoding OML on input line 567.
LaTeX Font Info:    Redeclaring font encoding OMS on input line 568.
\macc@depth=\count86
\c@MaxMatrixCols=\count87
\dotsspace@=\muskip10
\c@parentequation=\count88
\dspbrk@lvl=\count89
\tag@help=\toks16
\row@=\count90
\column@=\count91
\maxfields@=\count92
\andhelp@=\toks17
\eqnshift@=\dimen109
\alignsep@=\dimen110
\tagshift@=\dimen111
\tagwidth@=\dimen112
\totwidth@=\dimen113
\lineht@=\dimen114
\@envbody=\toks18
\multlinegap=\skip42
\multlinetaggap=\skip43
\mathdisplay@stack=\toks19
LaTeX Info: Redefining \[ on input line 2666.
LaTeX Info: Redefining \] on input line 2667.
) (C:\texmf\tex\latex\tools\array.sty
Package: array 2003/12/17 v2.4a Tabular extension package (FMi)
\col@sep=\dimen115
\extrarowheight=\dimen116
\NC@list=\toks20
\extratabsurround=\skip44
\backup@length=\skip45
)
(C:\texmf\tex\latex\amsfonts\amssymb.sty
Package: amssymb 2002/01/22 v2.2d

(C:\texmf\tex\latex\amsfonts\amsfonts.sty
Package: amsfonts 2001/10/25 v2.2f
\symAMSa=\mathgroup4
\symAMSb=\mathgroup5
LaTeX Font Info:    Overwriting math alphabet `\mathfrak' in version `bold'
(Font)                  U/euf/m/n --> U/euf/b/n on input line 132.
))
(C:\texmf\tex\latex\sttools\flushend.sty
Package: flushend 1997/10/01
\@aaa=\box28
\@ccc=\box29
\@viper=\box30
\hold@viper=\box31
\atColsBreak=\toks21
\@extra@skip=\dimen117
\@nd@page@rule=\dimen118
)
(C:\texmf\tex\latex\sttools\stfloats.sty
Package: stfloats 1999/10/22
\@dblbotnum=\count93
\c@dblbotnumber=\count94
) (C:\texmf\tex\latex\amscls\amsthm.sty
Package: amsthm 2004/08/06 v2.20
\thm@style=\toks22
\thm@bodyfont=\toks23
\thm@headfont=\toks24
\thm@notefont=\toks25
\thm@headpunct=\toks26
\thm@preskip=\skip46
\thm@postskip=\skip47
\thm@headsep=\skip48
\dth@everypar=\toks27
) (C:\texmf\tex\latex\ltxmisc\chngpage.sty
Package: chngpage 2003/08/10 v1.2 change page layout
\c@cp@cnt=\count95
\c@cp@tempcnt=\count96
)
(C:\texmf\tex\latex\psnfss\times.sty
Package: times 2005/04/12 PSNFSS-v9.2a (SPQR) 
)
\c@section=\count97
\c@subsection=\count98
\c@subsubsection=\count99
\c@paragraph=\count100
\c@subparagraph=\count101
\c@figure=\count102
\c@table=\count103
\dropfromtop=\skip49
\extraspace=\skip50
\aboveskipchk=\skip51
\abovecaptionskip=\skip52
\belowcaptionskip=\skip53
\rotdimen=\dimen119
\tempdime=\dimen120
\temptbox=\box32
 (C:\texmf\tex\latex\natbib\natbib.sty
Package: natbib 2006/01/12 7.2 (PWD)
\bibhang=\skip54
\bibsep=\skip55
LaTeX Info: Redefining \cite on input line 541.
\c@NAT@ctr=\count104
))
(ZinovyevViaraCalzoneBarillot2007.aux)
LaTeX Font Info:    Checking defaults for OML/cmm/m/it on input line 45.
LaTeX Font Info:    ... okay on input line 45.
LaTeX Font Info:    Checking defaults for T1/cmr/m/n on input line 45.
LaTeX Font Info:    ... okay on input line 45.
LaTeX Font Info:    Checking defaults for OT1/cmr/m/n on input line 45.
LaTeX Font Info:    ... okay on input line 45.
LaTeX Font Info:    Checking defaults for OMS/cmsy/m/n on input line 45.
LaTeX Font Info:    ... okay on input line 45.
LaTeX Font Info:    Checking defaults for OMX/cmex/m/n on input line 45.
LaTeX Font Info:    ... okay on input line 45.
LaTeX Font Info:    Checking defaults for U/cmr/m/n on input line 45.
LaTeX Font Info:    ... okay on input line 45.
LaTeX Font Info:    Checking defaults for LY1/ptm/m/n on input line 45.
LaTeX Font Info:    ... okay on input line 45.
Package crop Info: requested driver: `' on input line 45.
Package crop Info: detected driver: `dvips' on input line 45.
Package crop Info: using `dvips' graphics driver on input line 45.
LaTeX Font Info:    Try loading font information for LY1+phv on input line 54.
 (C:\texmf\tex\latex\lucidabr\ly1phv.fd
File: ly1phv.fd 1997/01/26 LY1/phv (Helvetica) with Berry file names. (DPC)
)
LaTeX Font Info:    Font shape `LY1/phv/m/it' in size <10> not available
(Font)              Font shape `LY1/phv/m/sl' tried instead on input line 54.
LaTeX Font Info:    Font shape `LY1/phv/bx/it' in size <10> not available
(Font)              Font shape `LY1/phv/b/it' tried instead on input line 54.
LaTeX Font Info:    Font shape `LY1/phv/b/it' in size <10> not available
(Font)              Font shape `LY1/phv/b/sl' tried instead on input line 54.
LaTeX Font Info:    Font shape `LY1/phv/bx/it' in size <19> not available
(Font)              Font shape `LY1/phv/b/it' tried instead on input line 54.
LaTeX Font Info:    Font shape `LY1/phv/b/it' in size <19> not available
(Font)              Font shape `LY1/phv/b/sl' tried instead on input line 54.
LaTeX Font Info:    Font shape `LY1/phv/m/it' in size <8> not available
(Font)              Font shape `LY1/phv/m/sl' tried instead on input line 54.
LaTeX Font Info:    Font shape `LY1/phv/bx/n' in size <10> not available
(Font)              Font shape `LY1/phv/b/n' tried instead on input line 54.
LaTeX Font Info:    Font shape `LY1/phv/bx/it' in size <16> not available
(Font)              Font shape `LY1/phv/b/it' tried instead on input line 54.
LaTeX Font Info:    Font shape `LY1/phv/b/it' in size <16> not available
(Font)              Font shape `LY1/phv/b/sl' tried instead on input line 54.
LaTeX Font Info:    Font shape `LY1/phv/m/it' in size <13> not available
(Font)              Font shape `LY1/phv/m/sl' tried instead on input line 54.
LaTeX Font Info:    Calculating math sizes for size <13> on input line 54.


LaTeX Font Warning: Font shape `OT1/cmr/m/n' in size <13> not available
(Font)              size <12> substituted on input line 54.


LaTeX Font Warning: Font shape `OT1/cmr/m/n' in size <6.5> not available
(Font)              size <6> substituted on input line 54.


LaTeX Font Warning: Font shape `OML/cmm/m/it' in size <13> not available
(Font)              size <12> substituted on input line 54.


LaTeX Font Warning: Font shape `OML/cmm/m/it' in size <6.5> not available
(Font)              size <6> substituted on input line 54.


LaTeX Font Warning: Font shape `OMS/cmsy/m/n' in size <13> not available
(Font)              size <12> substituted on input line 54.


LaTeX Font Warning: Font shape `OMS/cmsy/m/n' in size <6.5> not available
(Font)              size <6> substituted on input line 54.


LaTeX Font Warning: Font shape `OMX/cmex/m/n' in size <13> not available
(Font)              size <12> substituted on input line 54.

LaTeX Font Info:    Try loading font information for U+msa on input line 54.
(C:\texmf\tex\latex\amsfonts\umsa.fd
File: umsa.fd 2002/01/19 v2.2g AMS font definitions
)

LaTeX Font Warning: Font shape `U/msa/m/n' in size <13> not available
(Font)              size <12> substituted on input line 54.


LaTeX Font Warning: Font shape `U/msa/m/n' in size <6.5> not available
(Font)              size <6> substituted on input line 54.

LaTeX Font Info:    Try loading font information for U+msb on input line 54.
(C:\texmf\tex\latex\amsfonts\umsb.fd
File: umsb.fd 2002/01/19 v2.2g AMS font definitions
)

LaTeX Font Warning: Font shape `U/msb/m/n' in size <13> not available
(Font)              size <12> substituted on input line 54.


LaTeX Font Warning: Font shape `U/msb/m/n' in size <6.5> not available
(Font)              size <6> substituted on input line 54.


LaTeX Font Warning: Font shape `OT1/cmr/m/n' in size <7.5> not available
(Font)              size <7> substituted on input line 54.


LaTeX Font Warning: Font shape `OML/cmm/m/it' in size <7.5> not available
(Font)              size <7> substituted on input line 54.


LaTeX Font Warning: Font shape `OMS/cmsy/m/n' in size <7.5> not available
(Font)              size <7> substituted on input line 54.


LaTeX Font Warning: Font shape `U/msa/m/n' in size <7.5> not available
(Font)              size <7> substituted on input line 54.


LaTeX Font Warning: Font shape `U/msb/m/n' in size <7.5> not available
(Font)              size <7> substituted on input line 54.


Overfull \hbox (2.07277pt too wide) in paragraph at lines 59--71
[]\LY1/phv/m/n/9 BiNoM (BIological NetwOrk Manager) is a new bioinformatics
 []


Underfull \hbox (badness 1052) in paragraph at lines 59--71
\LY1/phv/m/n/9 featured BioPAX editor and a method of ``interfaces'' for
 []


Underfull \hbox (badness 1210) in paragraph at lines 59--71
\LY1/phv/m/n/9 accessing BioPAX content. BiNoM is able to work with
 []

LaTeX Font Info:    Font shape `LY1/phv/bx/n' in size <9> not available
(Font)              Font shape `LY1/phv/b/n' tried instead on input line 72.
LaTeX Font Info:    Font shape `LY1/phv/bx/n' in size <11> not available
(Font)              Font shape `LY1/phv/b/n' tried instead on input line 82.
File: screenshot.eps Graphic file (type eps)
<screenshot.eps>
LaTeX Font Info:    Font shape `LY1/ptm/bx/n' in size <9> not available
(Font)              Font shape `LY1/ptm/b/n' tried instead on input line 110.

Underfull \hbox (badness 4647) in paragraph at lines 114--123
[]\LY1/ptm/m/n/10 BiNoM (BIological NetwOrk Manager) plugin was
 []


Underfull \hbox (badness 1436) in paragraph at lines 135--148
[]\LY1/ptm/m/n/10 To access the content of a file, the BiNoM engine
 []


Underfull \hbox (badness 1454) in paragraph at lines 135--148
\LY1/ptm/m/n/10 index, called \LY1/ptm/m/it/10 network interfaces\LY1/ptm/m/n/1
0 . For example, during
 []


Underfull \hbox (badness 2894) in paragraph at lines 161--176
[]\LY1/ptm/m/n/10 Starting from these subgraphs and using operations
 []

[1



]
Underfull \hbox (badness 2150) in paragraph at lines 204--212
\LY1/ptm/m/n/10 even completely different from BioPAX (for example,
 []


Underfull \hbox (badness 3271) in paragraph at lines 215--220
\LY1/ptm/m/n/10 Biostatistiques from Institut Curie, and the Research
 []


Underfull \vbox (badness 10000) has occurred while \output is active []

LaTeX Font Info:    Font shape `LY1/ptm/bx/n' in size <10> not available
(Font)              Font shape `LY1/ptm/b/n' tried instead on input line 233.

Underfull \hbox (badness 3068) in paragraph at lines 243--247
[]\LY1/ptm/m/n/10 Shannon P. et al. (2003). Cytoscape: a software
 []


Underfull \hbox (badness 2134) in paragraph at lines 243--247
\LY1/ptm/m/n/10 environment for integrated models of biomolecular
 []


Underfull \hbox (badness 10000) in paragraph at lines 248--252
[]\LY1/ptm/m/n/10 Calzone L. et al. (2007) A Comprehensive
 []


Underfull \hbox (badness 10000) in paragraph at lines 248--252
\LY1/ptm/m/n/10 Modular Map of Molecular Interactions in
 []


Underfull \hbox (badness 10000) in paragraph at lines 248--252
\LY1/ptm/m/n/10 RB/E2F Pathway. \LY1/ptm/m/it/10 Manuscript submitted\LY1/ptm/m
/n/10 . See
 []


Underfull \vbox (badness 10000) has occurred while \output is active []


Underfull \vbox (badness 10000) has occurred while \output is active []

Extra height:24.18pt when 333.18pt

Underfull \vbox (badness 10000) has occurred while \output is active []


Underfull \vbox (badness 10000) has occurred while \output is active []

Extra height:24.18pt when 334.18pt

Underfull \vbox (badness 10000) has occurred while \output is active []


Underfull \vbox (badness 10000) has occurred while \output is active []

Extra height:24.18pt when 335.18pt

Underfull \vbox (badness 10000) has occurred while \output is active []


Underfull \vbox (badness 10000) has occurred while \output is active []

Extra height:24.18pt when 336.18pt

Underfull \vbox (badness 10000) has occurred while \output is active []


Underfull \vbox (badness 10000) has occurred while \output is active []

Extra height:24.18pt when 337.18pt

Underfull \vbox (badness 10000) has occurred while \output is active []


Underfull \vbox (badness 10000) has occurred while \output is active []

Extra height:24.18pt when 338.18pt

Underfull \vbox (badness 10000) has occurred while \output is active []


Underfull \vbox (badness 10000) has occurred while \output is active []

Extra height:24.18pt when 339.18pt

Underfull \vbox (badness 10000) has occurred while \output is active []

Extra height:0.0pt when 340.18pt

Underfull \vbox (badness 10000) has occurred while \output is active []

(2)Left:340.18pt Right:342.35999pt Output:340.18pt

Underfull \vbox (badness 10000) has occurred while \output is active []

(2)Left:342.35999pt Right:342.35999pt Output:342.35999pt
- LAST -
Extra skip:0.0pt
Left:342.35999pt
Right:342.35999pt
Output:342.35999pt

Underfull \vbox (badness 10000) has occurred while \output is active []

LaTeX Font Info:    Font shape `LY1/phv/bx/n' in size <8> not available
(Font)              Font shape `LY1/phv/b/n' tried instead on input line 261.
LaTeX Font Info:    Font shape `LY1/phv/bx/it' in size <8> not available
(Font)              Font shape `LY1/phv/b/it' tried instead on input line 261.
LaTeX Font Info:    Font shape `LY1/phv/b/it' in size <8> not available
(Font)              Font shape `LY1/phv/b/sl' tried instead on input line 261.

Overfull \hbox (261.0pt too wide) has occurred while \output is active
[][] 
 []


Overfull \vbox (1.0pt too high) has occurred while \output is active []


Overfull \hbox (261.0pt too wide) has occurred while \output is active
[][] 
 []

[2] (ZinovyevViaraCalzoneBarillot2007.aux)

LaTeX Font Warning: Size substitutions with differences
(Font)              up to 1.0pt have occurred.

 ) 
Here is how much of TeX's memory you used:
 2899 strings out of 95901
 30987 string characters out of 1195329
 82986 words of memory out of 1080626
 5790 multiletter control sequences out of 60000
 23920 words of font info for 59 fonts, out of 1000000 for 2000
 18 hyphenation exceptions out of 4999
 34i,8n,26p,402b,273s stack positions out of 5000i,500n,10000p,200000b,32768s

Output written on ZinovyevViaraCalzoneBarillot2007.dvi (2 pages, 12524 bytes).
